<?xml version="1.0" encoding="UTF-8"?>
<!-- Generated by org.testng.reporters.JUnitXMLReporter -->
<testsuite ignored="0" hostname="DESKTOP-C4RIFI2" failures="1" tests="3" name="Test" time="22.387" errors="0" timestamp="2025-02-02T21:04:46 IST">
  <testcase classname="mylistener.orangehrm" name="opensite" time="17.26"/>
  <testcase classname="mylistener.orangehrm" name="validation" time="0.102"/>
  <testcase classname="mylistener.orangehrm" name="titlevalidation" time="0.021">
    <failure type="java.lang.AssertionError" message="expected [OrangeHRM] but found [30-Day Advanced Free Trial | OrangeHRM]">
      <![CDATA[java.lang.AssertionError: expected [OrangeHRM] but found [30-Day Advanced Free Trial | OrangeHRM]
at mylistener.orangehrm.titlevalidation(orangehrm.java:46)
at java.base/java.util.ArrayList.forEach(ArrayList.java:1596)
... Removed 31 stack frames]]>
    </failure>
  </testcase> <!-- titlevalidation -->
</testsuite> <!-- Test -->
