<?xml version="1.0" encoding="UTF-8"?>
<testng-results ignored="0" total="3" passed="2" failed="1" skipped="0">
  <reporter-output>
  </reporter-output>
  <suite started-at="2025-02-02T21:04:23 IST" name="Suite" finished-at="2025-02-02T21:04:46 IST" duration-ms="22387">
    <groups>
    </groups>
    <test started-at="2025-02-02T21:04:23 IST" name="Test" finished-at="2025-02-02T21:04:46 IST" duration-ms="22387">
      <class name="mylistener.orangehrm">
        <test-method is-config="true" signature="setup()[pri:0, instance:mylistener.orangehrm@201a4587]" started-at="2025-02-02T21:04:24 IST" name="setup" finished-at="2025-02-02T21:04:28 IST" duration-ms="4550" status="PASS">
          <reporter-output>
          </reporter-output>
        </test-method> <!-- setup -->
        <test-method signature="opensite()[pri:1, instance:mylistener.orangehrm@201a4587]" started-at="2025-02-02T21:04:28 IST" name="opensite" finished-at="2025-02-02T21:04:45 IST" duration-ms="17260" status="PASS">
          <reporter-output>
          </reporter-output>
        </test-method> <!-- opensite -->
        <test-method signature="validation()[pri:2, instance:mylistener.orangehrm@201a4587]" started-at="2025-02-02T21:04:45 IST" name="validation" finished-at="2025-02-02T21:04:45 IST" depends-on-methods="mylistener.orangehrm.opensite" duration-ms="102" status="PASS">
          <reporter-output>
          </reporter-output>
        </test-method> <!-- validation -->
        <test-method signature="titlevalidation()[pri:3, instance:mylistener.orangehrm@201a4587]" started-at="2025-02-02T21:04:45 IST" name="titlevalidation" finished-at="2025-02-02T21:04:45 IST" depends-on-methods="mylistener.orangehrm.validation" duration-ms="21" status="FAIL">
          <exception class="java.lang.AssertionError">
            <message>
              <![CDATA[expected [OrangeHRM] but found [30-Day Advanced Free Trial | OrangeHRM]]]>
            </message>
            <full-stacktrace>
              <![CDATA[java.lang.AssertionError: expected [OrangeHRM] but found [30-Day Advanced Free Trial | OrangeHRM]
at org.testng.Assert.fail(Assert.java:99)
at org.testng.Assert.failNotEquals(Assert.java:1037)
at org.testng.Assert.assertEqualsImpl(Assert.java:140)
at org.testng.Assert.assertEquals(Assert.java:122)
at org.testng.Assert.assertEquals(Assert.java:629)
at org.testng.Assert.assertEquals(Assert.java:639)
at mylistener.orangehrm.titlevalidation(orangehrm.java:46)
at java.base/jdk.internal.reflect.DirectMethodHandleAccessor.invoke(DirectMethodHandleAccessor.java:103)
at java.base/java.lang.reflect.Method.invoke(Method.java:580)
at org.testng.internal.MethodInvocationHelper.invokeMethod(MethodInvocationHelper.java:133)
at org.testng.internal.TestInvoker.invokeMethod(TestInvoker.java:598)
at org.testng.internal.TestInvoker.invokeTestMethod(TestInvoker.java:173)
at org.testng.internal.MethodRunner.runInSequence(MethodRunner.java:46)
at org.testng.internal.TestInvoker$MethodInvocationAgent.invoke(TestInvoker.java:824)
at org.testng.internal.TestInvoker.invokeTestMethods(TestInvoker.java:146)
at org.testng.internal.TestMethodWorker.invokeTestMethods(TestMethodWorker.java:146)
at org.testng.internal.TestMethodWorker.run(TestMethodWorker.java:128)
at java.base/java.util.ArrayList.forEach(ArrayList.java:1596)
at org.testng.TestRunner.privateRun(TestRunner.java:794)
at org.testng.TestRunner.run(TestRunner.java:596)
at org.testng.SuiteRunner.runTest(SuiteRunner.java:377)
at org.testng.SuiteRunner.runSequentially(SuiteRunner.java:371)
at org.testng.SuiteRunner.privateRun(SuiteRunner.java:332)
at org.testng.SuiteRunner.run(SuiteRunner.java:276)
at org.testng.SuiteRunnerWorker.runSuite(SuiteRunnerWorker.java:53)
at org.testng.SuiteRunnerWorker.run(SuiteRunnerWorker.java:96)
at org.testng.TestNG.runSuitesSequentially(TestNG.java:1212)
at org.testng.TestNG.runSuitesLocally(TestNG.java:1134)
at org.testng.TestNG.runSuites(TestNG.java:1063)
at org.testng.TestNG.run(TestNG.java:1031)
at org.testng.remote.AbstractRemoteTestNG.run(AbstractRemoteTestNG.java:115)
at org.testng.remote.RemoteTestNG.initAndRun(RemoteTestNG.java:251)
at org.testng.remote.RemoteTestNG.main(RemoteTestNG.java:77)
]]>
            </full-stacktrace>
          </exception> <!-- java.lang.AssertionError -->
          <reporter-output>
          </reporter-output>
        </test-method> <!-- titlevalidation -->
        <test-method is-config="true" signature="teardown()[pri:0, instance:mylistener.orangehrm@201a4587]" started-at="2025-02-02T21:04:45 IST" name="teardown" finished-at="2025-02-02T21:04:46 IST" duration-ms="376" status="PASS">
          <reporter-output>
          </reporter-output>
        </test-method> <!-- teardown -->
      </class> <!-- mylistener.orangehrm -->
    </test> <!-- Test -->
  </suite> <!-- Suite -->
</testng-results>
